polybar|notice:  Parsing config file: /home/remon/.config/polybar/config.ini
polybar|notice:  Parsing config file: /home/remon/.config/polybar/config.ini
polybar|notice:  Parsing config file: /home/remon/.config/polybar/config.ini
polybar|notice:  Parsing config file: /home/remon/.config/polybar/config.ini
polybar|notice:  Loading module 'xworkspaces' of type 'internal/xworkspaces'
polybar|notice:  Loading module 'xworkspaces' of type 'internal/xworkspaces'
polybar|notice:  Loading module 'xworkspaces' of type 'internal/xworkspaces'
polybar|notice:  Loading module 'xworkspaces' of type 'internal/xworkspaces'
polybar|notice:  Loading module 'i3' of type 'internal/i3'
polybar|notice:  Loading module 'i3' of type 'internal/i3'
polybar|notice:  Loading module 'i3' of type 'internal/i3'
polybar|notice:  Loading module 'i3' of type 'internal/i3'
polybar|notice:  Loading module 'polybar-restart' of type 'custom/script'
polybar|notice:  Loading module 'filesystem' of type 'internal/fs'
polybar|notice:  Loading module 'filesystem' of type 'internal/fs'
polybar|notice:  Loading module 'filesystem' of type 'internal/fs'
polybar|notice:  Loading module 'filesystem' of type 'internal/fs'
polybar|notice:  Loading module 'pulseaudio' of type 'internal/pulseaudio'
polybar|notice:  Loading module 'pulseaudio' of type 'internal/pulseaudio'
polybar|notice:  Loading module 'pulseaudio' of type 'internal/pulseaudio'
polybar|notice:  Loading module 'pulseaudio' of type 'internal/pulseaudio'
polybar|notice:  pulseaudio: using default sink alsa_output.usb-Yamaha_Corporation_AG06_AG03-00.pro-output-0
polybar|notice:  pulseaudio: using default sink alsa_output.usb-Yamaha_Corporation_AG06_AG03-00.pro-output-0
polybar|notice:  pulseaudio: using default sink alsa_output.usb-Yamaha_Corporation_AG06_AG03-00.pro-output-0
polybar|notice:  pulseaudio: using default sink alsa_output.usb-Yamaha_Corporation_AG06_AG03-00.pro-output-0
polybar|notice:  Loading module 'memory' of type 'internal/memory'
polybar|notice:  Loading module 'memory' of type 'internal/memory'
polybar|notice:  Loading module 'memory' of type 'internal/memory'
polybar|notice:  Loading module 'memory' of type 'internal/memory'
polybar|notice:  Loading module 'cpu' of type 'internal/cpu'
polybar|notice:  Loading module 'cpu' of type 'internal/cpu'
polybar|notice:  Loading module 'cpu' of type 'internal/cpu'
polybar|notice:  Loading module 'cpu' of type 'internal/cpu'
polybar|notice:  Loading module 'eth' of type 'internal/network'
polybar|notice:  Loading module 'eth' of type 'internal/network'
polybar|notice:  Loading module 'eth' of type 'internal/network'
polybar|notice:  Loading module 'eth' of type 'internal/network'
polybar|notice:  module/eth: Discovered wired interface enp6s0
polybar|notice:  module/eth: Discovered wired interface enp6s0
polybar|notice:  module/eth: Discovered wired interface enp6s0
polybar|notice:  module/eth: Discovered wired interface enp6s0
polybar|notice:  Loading module 'date' of type 'internal/date'
polybar|notice:  Loading module 'date' of type 'internal/date'
polybar|notice:  Loading module 'date' of type 'internal/date'
polybar|notice:  Loading module 'date' of type 'internal/date'
polybar|notice:  Loaded 8 modules
polybar|notice:  Loaded 9 modules
polybar|notice:  Loaded 8 modules
polybar|notice:  Loaded 8 modules
polybar|notice:  Loaded font "monospace:size=10" (name=Hack Nerd Font, offset=2, file=/usr/share/fonts/nerd-fonts/HackNerdFont-Regular.ttf)
polybar|notice:  Loaded font "monospace:size=10" (name=Hack Nerd Font, offset=2, file=/usr/share/fonts/nerd-fonts/HackNerdFont-Regular.ttf)
polybar|notice:  Loaded font "monospace:size=10" (name=Hack Nerd Font, offset=2, file=/usr/share/fonts/nerd-fonts/HackNerdFont-Regular.ttf)
polybar|notice:  Loaded font "monospace:size=10" (name=Hack Nerd Font, offset=2, file=/usr/share/fonts/nerd-fonts/HackNerdFont-Regular.ttf)
polybar|notice:  Loaded font "Font Awesome 5 Free:pixelsize=12" (name=Font Awesome 5 Free, offset=2, file=/usr/share/fonts/fontawesome/Font Awesome 5 Free-Regular-400.otf)
polybar|notice:  Loaded font "Font Awesome 5 Free:pixelsize=12" (name=Font Awesome 5 Free, offset=2, file=/usr/share/fonts/fontawesome/Font Awesome 5 Free-Regular-400.otf)
polybar|notice:  Loaded font "Font Awesome 5 Free:pixelsize=12" (name=Font Awesome 5 Free, offset=2, file=/usr/share/fonts/fontawesome/Font Awesome 5 Free-Regular-400.otf)
polybar|notice:  Loaded font "Font Awesome 5 Free:pixelsize=12" (name=Font Awesome 5 Free, offset=2, file=/usr/share/fonts/fontawesome/Font Awesome 5 Free-Regular-400.otf)
polybar|notice:  Loaded font "Font Awesome 5 Free Solid:pixelsize=12" (name=Font Awesome 5 Free, offset=2, file=/usr/share/fonts/fontawesome/Font Awesome 5 Free-Solid-900.otf)
polybar|notice:  Loaded font "Font Awesome 5 Free Solid:pixelsize=12" (name=Font Awesome 5 Free, offset=2, file=/usr/share/fonts/fontawesome/Font Awesome 5 Free-Solid-900.otf)
polybar|notice:  Loaded font "Font Awesome 5 Free Solid:pixelsize=12" (name=Font Awesome 5 Free, offset=2, file=/usr/share/fonts/fontawesome/Font Awesome 5 Free-Solid-900.otf)
polybar|notice:  Loaded font "Font Awesome 5 Free Solid:pixelsize=12" (name=Font Awesome 5 Free, offset=2, file=/usr/share/fonts/fontawesome/Font Awesome 5 Free-Solid-900.otf)
polybar|notice:  Loaded font "Font Awesome 5 Brands:pixelsize=12" (name=Font Awesome 5 Brands, offset=2, file=/usr/share/fonts/fontawesome/Font Awesome 5 Brands-Regular-400.otf)
polybar|notice:  Loaded font "Font Awesome 5 Brands:pixelsize=12" (name=Font Awesome 5 Brands, offset=2, file=/usr/share/fonts/fontawesome/Font Awesome 5 Brands-Regular-400.otf)
polybar|notice:  Loaded font "Font Awesome 5 Brands:pixelsize=12" (name=Font Awesome 5 Brands, offset=2, file=/usr/share/fonts/fontawesome/Font Awesome 5 Brands-Regular-400.otf)
polybar|notice:  Loaded font "Font Awesome 5 Brands:pixelsize=12" (name=Font Awesome 5 Brands, offset=2, file=/usr/share/fonts/fontawesome/Font Awesome 5 Brands-Regular-400.otf)
polybar|notice:  Received signal(15): Terminated
polybar|notice:  Received signal(15): Terminated
polybar|notice:  Termination signal received, shutting down...
polybar|notice:  Termination signal received, shutting down...
polybar|warn:  module/i3: Attempting to reconnect socket (reason: Unexpected EOF while reading header)
polybar|warn:  module/i3: Attempting to reconnect socket (reason: Unexpected EOF while reading header)
polybar|notice:  Received signal(15): Terminated
polybar|notice:  Termination signal received, shutting down...
polybar|warn:  module/i3: Attempting to reconnect socket (reason: Unexpected EOF while reading header)
polybar|notice:  Received signal(15): Terminated
polybar|notice:  Termination signal received, shutting down...
polybar|warn:  module/i3: Attempting to reconnect socket (reason: Unexpected EOF while reading header)
polybar|notice:  Parsing config file: /home/remon/.config/polybar/config.ini
polybar|notice:  Parsing config file: /home/remon/.config/polybar/config.ini
polybar|notice:  Parsing config file: /home/remon/.config/polybar/config.ini
polybar|notice:  Parsing config file: /home/remon/.config/polybar/config.ini
polybar|notice:  Loading module 'xworkspaces' of type 'internal/xworkspaces'
polybar|notice:  Loading module 'xworkspaces' of type 'internal/xworkspaces'
polybar|notice:  Loading module 'xworkspaces' of type 'internal/xworkspaces'
polybar|notice:  Loading module 'xworkspaces' of type 'internal/xworkspaces'
polybar|notice:  Loading module 'i3' of type 'internal/i3'
polybar|notice:  Loading module 'i3' of type 'internal/i3'
polybar|notice:  Loading module 'i3' of type 'internal/i3'
polybar|notice:  Loading module 'i3' of type 'internal/i3'
polybar|notice:  Loading module 'filesystem' of type 'internal/fs'
polybar|notice:  Loading module 'polybar-restart' of type 'custom/script'
polybar|notice:  Loading module 'filesystem' of type 'internal/fs'
polybar|notice:  Loading module 'filesystem' of type 'internal/fs'
polybar|notice:  Loading module 'filesystem' of type 'internal/fs'
polybar|notice:  Loading module 'pulseaudio' of type 'internal/pulseaudio'
polybar|notice:  Loading module 'pulseaudio' of type 'internal/pulseaudio'
polybar|notice:  Loading module 'pulseaudio' of type 'internal/pulseaudio'
polybar|notice:  Loading module 'pulseaudio' of type 'internal/pulseaudio'
polybar|notice:  pulseaudio: using default sink alsa_output.usb-Yamaha_Corporation_AG06_AG03-00.pro-output-0
polybar|notice:  pulseaudio: using default sink alsa_output.usb-Yamaha_Corporation_AG06_AG03-00.pro-output-0
polybar|notice:  pulseaudio: using default sink alsa_output.usb-Yamaha_Corporation_AG06_AG03-00.pro-output-0
polybar|notice:  pulseaudio: using default sink alsa_output.usb-Yamaha_Corporation_AG06_AG03-00.pro-output-0
polybar|notice:  Loading module 'memory' of type 'internal/memory'
polybar|notice:  Loading module 'memory' of type 'internal/memory'
polybar|notice:  Loading module 'memory' of type 'internal/memory'
polybar|notice:  Loading module 'cpu' of type 'internal/cpu'
polybar|notice:  Loading module 'memory' of type 'internal/memory'
polybar|notice:  Loading module 'cpu' of type 'internal/cpu'
polybar|notice:  Loading module 'cpu' of type 'internal/cpu'
polybar|notice:  Loading module 'cpu' of type 'internal/cpu'
polybar|notice:  Loading module 'eth' of type 'internal/network'
polybar|notice:  Loading module 'eth' of type 'internal/network'
polybar|notice:  Loading module 'eth' of type 'internal/network'
polybar|notice:  Loading module 'eth' of type 'internal/network'
polybar|notice:  module/eth: Discovered wired interface enp6s0
polybar|notice:  module/eth: Discovered wired interface enp6s0
polybar|notice:  module/eth: Discovered wired interface enp6s0
polybar|notice:  module/eth: Discovered wired interface enp6s0
polybar|notice:  Loading module 'date' of type 'internal/date'
polybar|notice:  Loading module 'date' of type 'internal/date'
polybar|notice:  Loaded 8 modules
polybar|notice:  Loading module 'date' of type 'internal/date'
polybar|notice:  Loading module 'date' of type 'internal/date'
polybar|notice:  Loaded 8 modules
polybar|notice:  Loaded 9 modules
polybar|notice:  Loaded 8 modules
polybar|notice:  Loaded font "monospace:size=10" (name=Hack Nerd Font, offset=2, file=/usr/share/fonts/nerd-fonts/HackNerdFont-Regular.ttf)
polybar|notice:  Loaded font "monospace:size=10" (name=Hack Nerd Font, offset=2, file=/usr/share/fonts/nerd-fonts/HackNerdFont-Regular.ttf)
polybar|notice:  Loaded font "monospace:size=10" (name=Hack Nerd Font, offset=2, file=/usr/share/fonts/nerd-fonts/HackNerdFont-Regular.ttf)
polybar|notice:  Loaded font "monospace:size=10" (name=Hack Nerd Font, offset=2, file=/usr/share/fonts/nerd-fonts/HackNerdFont-Regular.ttf)
polybar|notice:  Loaded font "Font Awesome 5 Free:pixelsize=12" (name=Font Awesome 5 Free, offset=2, file=/usr/share/fonts/fontawesome/Font Awesome 5 Free-Regular-400.otf)
polybar|notice:  Loaded font "Font Awesome 5 Free:pixelsize=12" (name=Font Awesome 5 Free, offset=2, file=/usr/share/fonts/fontawesome/Font Awesome 5 Free-Regular-400.otf)
polybar|notice:  Loaded font "Font Awesome 5 Free:pixelsize=12" (name=Font Awesome 5 Free, offset=2, file=/usr/share/fonts/fontawesome/Font Awesome 5 Free-Regular-400.otf)
polybar|notice:  Loaded font "Font Awesome 5 Free:pixelsize=12" (name=Font Awesome 5 Free, offset=2, file=/usr/share/fonts/fontawesome/Font Awesome 5 Free-Regular-400.otf)
polybar|notice:  Loaded font "Font Awesome 5 Free Solid:pixelsize=12" (name=Font Awesome 5 Free, offset=2, file=/usr/share/fonts/fontawesome/Font Awesome 5 Free-Solid-900.otf)
polybar|notice:  Loaded font "Font Awesome 5 Free Solid:pixelsize=12" (name=Font Awesome 5 Free, offset=2, file=/usr/share/fonts/fontawesome/Font Awesome 5 Free-Solid-900.otf)
polybar|notice:  Loaded font "Font Awesome 5 Free Solid:pixelsize=12" (name=Font Awesome 5 Free, offset=2, file=/usr/share/fonts/fontawesome/Font Awesome 5 Free-Solid-900.otf)
polybar|notice:  Loaded font "Font Awesome 5 Free Solid:pixelsize=12" (name=Font Awesome 5 Free, offset=2, file=/usr/share/fonts/fontawesome/Font Awesome 5 Free-Solid-900.otf)
polybar|notice:  Loaded font "Font Awesome 5 Brands:pixelsize=12" (name=Font Awesome 5 Brands, offset=2, file=/usr/share/fonts/fontawesome/Font Awesome 5 Brands-Regular-400.otf)
polybar|notice:  Loaded font "Font Awesome 5 Brands:pixelsize=12" (name=Font Awesome 5 Brands, offset=2, file=/usr/share/fonts/fontawesome/Font Awesome 5 Brands-Regular-400.otf)
polybar|notice:  Loaded font "Font Awesome 5 Brands:pixelsize=12" (name=Font Awesome 5 Brands, offset=2, file=/usr/share/fonts/fontawesome/Font Awesome 5 Brands-Regular-400.otf)
polybar|notice:  Loaded font "Font Awesome 5 Brands:pixelsize=12" (name=Font Awesome 5 Brands, offset=2, file=/usr/share/fonts/fontawesome/Font Awesome 5 Brands-Regular-400.otf)
polybar|notice:  Received signal(15): Terminated
polybar|notice:  Termination signal received, shutting down...
polybar|notice:  Received signal(15): Terminated
polybar|notice:  Termination signal received, shutting down...
polybar|warn:  module/i3: Attempting to reconnect socket (reason: Unexpected EOF while reading header)
polybar|warn:  module/i3: Attempting to reconnect socket (reason: Unexpected EOF while reading header)
polybar|notice:  Received signal(15): Terminated
polybar|notice:  Termination signal received, shutting down...
polybar|warn:  module/i3: Attempting to reconnect socket (reason: Unexpected EOF while reading header)
polybar|notice:  Received signal(15): Terminated
polybar|notice:  Termination signal received, shutting down...
polybar|warn:  module/i3: Attempting to reconnect socket (reason: Unexpected EOF while reading header)
